\BOOKMARK [1][-]{section.1}{\376\377\004\043\004\062\004\076\004\064}{}% 1
\BOOKMARK [1][-]{section.2}{\376\377\004\034\004\060\004\102\004\065\004\074\004\060\004\102\004\070\004\072\004\060}{}% 2
\BOOKMARK [2][-]{subsection.2.1}{\376\377\004\022\004\065\004\100\004\076\004\117\004\102\004\075\004\076\004\101\004\102\000\040\004\067\004\060\000\040\004\101\004\074\004\112\004\100\004\102}{section.2}% 3
\BOOKMARK [2][-]{subsection.2.2}{\376\377\004\022\004\065\004\100\004\076\004\117\004\102\004\075\004\076\004\101\004\102\000\040\004\067\004\060\000\040\004\077\004\100\004\065\004\066\004\070\004\062\004\117\004\062\004\060\004\075\004\065}{section.2}% 4
\BOOKMARK [2][-]{subsection.2.3}{\376\377\004\041\004\100\004\065\004\064\004\065\004\075\000\040\004\061\004\100\004\076\004\071\000\040\004\066\004\070\004\062\004\070\000\040\004\105\004\076\004\100\004\060}{section.2}% 5
\BOOKMARK [2][-]{subsection.2.4}{\376\377\004\024\004\070\004\101\004\072\004\076\004\075\004\102\004\070\004\100\004\060\004\111\000\040\004\104\004\060\004\072\004\102\004\076\004\100}{section.2}% 6
\BOOKMARK [2][-]{subsection.2.5}{\376\377\004\035\004\060\004\101\004\102\004\076\004\117\004\111\004\060\000\040\004\101\004\102\004\076\004\071\004\075\004\076\004\101\004\102}{section.2}% 7
\BOOKMARK [2][-]{subsection.2.6}{\376\377\004\032\004\103\004\074\004\076\004\073\004\060\004\102\004\070\004\062\004\075\004\060\000\040\004\075\004\060\004\101\004\102\004\076\004\117\004\111\004\060\000\040\004\101\004\102\004\076\004\071\004\075\004\076\004\101\004\102}{section.2}% 8
\BOOKMARK [2][-]{subsection.2.7}{\376\377\004\020\004\072\004\102\004\116\004\065\004\100\004\101\004\072\004\070\000\040\004\104\004\060\004\072\004\102\004\076\004\100\004\070\000\040\004\070\000\040\004\070\004\067\004\107\004\070\004\101\004\073\004\065\004\075\004\070\004\117\000\040\004\075\004\060\000\040\004\077\004\065\004\075\004\101\004\070\004\070}{section.2}% 9
\BOOKMARK [1][-]{section.3}{\376\377\004\043\004\101\004\102\004\100\004\076\004\071\004\101\004\102\004\062\004\076}{}% 10
\BOOKMARK [2][-]{subsection.3.1}{Company}{section.3}% 11
\BOOKMARK [2][-]{subsection.3.2}{Person}{section.3}% 12
\BOOKMARK [2][-]{subsection.3.3}{Calculator}{section.3}% 13
\BOOKMARK [2][-]{subsection.3.4}{Finances}{section.3}% 14
\BOOKMARK [2][-]{subsection.3.5}{main}{section.3}% 15
\BOOKMARK [1][-]{section.4}{\376\377\004\040\004\065\004\067\004\103\004\073\004\102\004\060\004\102\004\070}{}% 16
\BOOKMARK [2][-]{subsection.4.1}{\376\377\004\037\004\100\004\070\004\074\004\065\004\100\004\065\004\075\000\040\004\101\004\073\004\103\004\107\004\060\004\071}{section.4}% 17
\BOOKMARK [2][-]{subsection.4.2}{\376\377\004\020\004\075\004\060\004\073\004\070\004\067\000\040\004\075\004\060\000\040\004\060\004\072\004\102\004\070\004\062\004\070\004\102\004\065\000\040\004\075\004\060\000\040\004\077\004\065\004\075\004\101\004\070\004\076\004\075\004\065\004\075\000\040\004\104\004\076\004\075\004\064\000\040\000"\004\041\004\112\004\063\004\073\004\060\004\101\004\070\004\065\000"}{section.4}% 18
\BOOKMARK [1][-]{section.5}{\376\377\004\027\004\060\004\072\004\073\004\116\004\107\004\065\004\075\004\070\004\065}{}% 19
\BOOKMARK [1][-]{section.6}{\376\377\004\021\004\112\004\064\004\065\004\111\004\070\000\040\004\100\004\060\004\067\004\100\004\060\004\061\004\076\004\102\004\072\004\070}{}% 20
\BOOKMARK [1][-]{section.7}{\376\377\004\037\004\100\004\070\004\073\004\076\004\066\004\065\004\075\004\070\004\117}{}% 21
