This is pdfTeX, Version 3.14159265-2.6-1.40.21 (TeX Live 2020/W32TeX) (preloaded format=pdflatex 2021.3.22)  19 SEP 2025 22:22
entering extended mode
 \write18 enabled.
 %&-line parsing enabled.
**Dissertation
(./Dissertation.tex
LaTeX2e <2020-10-01> patch level 4
L3 programming layer <2021-02-18> (c:/texlive/2020/texmf-dist/tex/latex/base/article.cls
Document Class: article 2020/04/10 v1.4m Standard LaTeX document class
(c:/texlive/2020/texmf-dist/tex/latex/base/size12.clo
File: size12.clo 2020/04/10 v1.4m Standard LaTeX file (size option)
)
\c@part=\count179
\c@section=\count180
\c@subsection=\count181
\c@subsubsection=\count182
\c@paragraph=\count183
\c@subparagraph=\count184
\c@figure=\count185
\c@table=\count186
\abovecaptionskip=\skip47
\belowcaptionskip=\skip48
\bibindent=\dimen138
) (c:/texlive/2020/texmf-dist/tex/latex/base/inputenc.sty
Package: inputenc 2020/08/01 v1.3d Input encoding file
\inpenc@prehook=\toks15
\inpenc@posthook=\toks16
) (c:/texlive/2020/texmf-dist/tex/latex/base/fontenc.sty
Package: fontenc 2020/08/10 v2.0s Standard LaTeX package
 (c:/texlive/2020/texmf-dist/tex/latex/cyrillic/t2aenc.def
File: t2aenc.def 2005/09/27 v1.0i Cyrillic encoding definition file
Now handling font encoding T2A ...
... processing UTF-8 mapping file for font encoding T2A
 (c:/texlive/2020/texmf-dist/tex/latex/base/t2aenc.dfu
File: t2aenc.dfu 2019/11/14 v1.2k UTF-8 support for inputenc
   defining Unicode char U+00A4 (decimal 164)
   defining Unicode char U+00A7 (decimal 167)
   defining Unicode char U+00AB (decimal 171)
   defining Unicode char U+00BB (decimal 187)
   defining Unicode char U+0131 (decimal 305)
   defining Unicode char U+0237 (decimal 567)
   defining Unicode char U+0400 (decimal 1024)
   defining Unicode char U+0401 (decimal 1025)
   defining Unicode char U+0402 (decimal 1026)
   defining Unicode char U+0403 (decimal 1027)
   defining Unicode char U+0404 (decimal 1028)
   defining Unicode char U+0405 (decimal 1029)
   defining Unicode char U+0406 (decimal 1030)
   defining Unicode char U+0407 (decimal 1031)
   defining Unicode char U+0408 (decimal 1032)
   defining Unicode char U+0409 (decimal 1033)
   defining Unicode char U+040A (decimal 1034)
   defining Unicode char U+040B (decimal 1035)
   defining Unicode char U+040C (decimal 1036)
   defining Unicode char U+040D (decimal 1037)
   defining Unicode char U+040E (decimal 1038)
   defining Unicode char U+040F (decimal 1039)
   defining Unicode char U+0410 (decimal 1040)
   defining Unicode char U+0411 (decimal 1041)
   defining Unicode char U+0412 (decimal 1042)
   defining Unicode char U+0413 (decimal 1043)
   defining Unicode char U+0414 (decimal 1044)
   defining Unicode char U+0415 (decimal 1045)
   defining Unicode char U+0416 (decimal 1046)
   defining Unicode char U+0417 (decimal 1047)
   defining Unicode char U+0418 (decimal 1048)
   defining Unicode char U+0419 (decimal 1049)
   defining Unicode char U+041A (decimal 1050)
   defining Unicode char U+041B (decimal 1051)
   defining Unicode char U+041C (decimal 1052)
   defining Unicode char U+041D (decimal 1053)
   defining Unicode char U+041E (decimal 1054)
   defining Unicode char U+041F (decimal 1055)
   defining Unicode char U+0420 (decimal 1056)
   defining Unicode char U+0421 (decimal 1057)
   defining Unicode char U+0422 (decimal 1058)
   defining Unicode char U+0423 (decimal 1059)
   defining Unicode char U+0424 (decimal 1060)
   defining Unicode char U+0425 (decimal 1061)
   defining Unicode char U+0426 (decimal 1062)
   defining Unicode char U+0427 (decimal 1063)
   defining Unicode char U+0428 (decimal 1064)
   defining Unicode char U+0429 (decimal 1065)
   defining Unicode char U+042A (decimal 1066)
   defining Unicode char U+042B (decimal 1067)
   defining Unicode char U+042C (decimal 1068)
   defining Unicode char U+042D (decimal 1069)
   defining Unicode char U+042E (decimal 1070)
   defining Unicode char U+042F (decimal 1071)
   defining Unicode char U+0430 (decimal 1072)
   defining Unicode char U+0431 (decimal 1073)
   defining Unicode char U+0432 (decimal 1074)
   defining Unicode char U+0433 (decimal 1075)
   defining Unicode char U+0434 (decimal 1076)
   defining Unicode char U+0435 (decimal 1077)
   defining Unicode char U+0436 (decimal 1078)
   defining Unicode char U+0437 (decimal 1079)
   defining Unicode char U+0438 (decimal 1080)
   defining Unicode char U+0439 (decimal 1081)
   defining Unicode char U+043A (decimal 1082)
   defining Unicode char U+043B (decimal 1083)
   defining Unicode char U+043C (decimal 1084)
   defining Unicode char U+043D (decimal 1085)
   defining Unicode char U+043E (decimal 1086)
   defining Unicode char U+043F (decimal 1087)
   defining Unicode char U+0440 (decimal 1088)
   defining Unicode char U+0441 (decimal 1089)
   defining Unicode char U+0442 (decimal 1090)
   defining Unicode char U+0443 (decimal 1091)
   defining Unicode char U+0444 (decimal 1092)
   defining Unicode char U+0445 (decimal 1093)
   defining Unicode char U+0446 (decimal 1094)
   defining Unicode char U+0447 (decimal 1095)
   defining Unicode char U+0448 (decimal 1096)
   defining Unicode char U+0449 (decimal 1097)
   defining Unicode char U+044A (decimal 1098)
   defining Unicode char U+044B (decimal 1099)
   defining Unicode char U+044C (decimal 1100)
   defining Unicode char U+044D (decimal 1101)
   defining Unicode char U+044E (decimal 1102)
   defining Unicode char U+044F (decimal 1103)
   defining Unicode char U+0450 (decimal 1104)
   defining Unicode char U+0451 (decimal 1105)
   defining Unicode char U+0452 (decimal 1106)
   defining Unicode char U+0453 (decimal 1107)
   defining Unicode char U+0454 (decimal 1108)
   defining Unicode char U+0455 (decimal 1109)
   defining Unicode char U+0456 (decimal 1110)
   defining Unicode char U+0457 (decimal 1111)
   defining Unicode char U+0458 (decimal 1112)
   defining Unicode char U+0459 (decimal 1113)
   defining Unicode char U+045A (decimal 1114)
   defining Unicode char U+045B (decimal 1115)
   defining Unicode char U+045C (decimal 1116)
   defining Unicode char U+045D (decimal 1117)
   defining Unicode char U+045E (decimal 1118)
   defining Unicode char U+045F (decimal 1119)
   defining Unicode char U+0490 (decimal 1168)
   defining Unicode char U+0491 (decimal 1169)
   defining Unicode char U+0492 (decimal 1170)
   defining Unicode char U+0493 (decimal 1171)
   defining Unicode char U+0496 (decimal 1174)
   defining Unicode char U+0497 (decimal 1175)
   defining Unicode char U+0498 (decimal 1176)
   defining Unicode char U+0499 (decimal 1177)
   defining Unicode char U+049A (decimal 1178)
   defining Unicode char U+049B (decimal 1179)
   defining Unicode char U+049C (decimal 1180)
   defining Unicode char U+049D (decimal 1181)
   defining Unicode char U+04A0 (decimal 1184)
   defining Unicode char U+04A1 (decimal 1185)
   defining Unicode char U+04A2 (decimal 1186)
   defining Unicode char U+04A3 (decimal 1187)
   defining Unicode char U+04A4 (decimal 1188)
   defining Unicode char U+04A5 (decimal 1189)
   defining Unicode char U+04AA (decimal 1194)
   defining Unicode char U+04AB (decimal 1195)
   defining Unicode char U+04AE (decimal 1198)
   defining Unicode char U+04AF (decimal 1199)
   defining Unicode char U+04B0 (decimal 1200)
   defining Unicode char U+04B1 (decimal 1201)
   defining Unicode char U+04B2 (decimal 1202)
   defining Unicode char U+04B3 (decimal 1203)
   defining Unicode char U+04B6 (decimal 1206)
   defining Unicode char U+04B7 (decimal 1207)
   defining Unicode char U+04B8 (decimal 1208)
   defining Unicode char U+04B9 (decimal 1209)
   defining Unicode char U+04BA (decimal 1210)
   defining Unicode char U+04BB (decimal 1211)
   defining Unicode char U+04C0 (decimal 1216)
   defining Unicode char U+04C1 (decimal 1217)
   defining Unicode char U+04C2 (decimal 1218)
   defining Unicode char U+04D0 (decimal 1232)
   defining Unicode char U+04D1 (decimal 1233)
   defining Unicode char U+04D2 (decimal 1234)
   defining Unicode char U+04D3 (decimal 1235)
   defining Unicode char U+04D4 (decimal 1236)
   defining Unicode char U+04D5 (decimal 1237)
   defining Unicode char U+04D6 (decimal 1238)
   defining Unicode char U+04D7 (decimal 1239)
   defining Unicode char U+04D8 (decimal 1240)
   defining Unicode char U+04D9 (decimal 1241)
   defining Unicode char U+04DA (decimal 1242)
   defining Unicode char U+04DB (decimal 1243)
   defining Unicode char U+04DC (decimal 1244)
   defining Unicode char U+04DD (decimal 1245)
   defining Unicode char U+04DE (decimal 1246)
   defining Unicode char U+04DF (decimal 1247)
   defining Unicode char U+04E2 (decimal 1250)
   defining Unicode char U+04E3 (decimal 1251)
   defining Unicode char U+04E4 (decimal 1252)
   defining Unicode char U+04E5 (decimal 1253)
   defining Unicode char U+04E6 (decimal 1254)
   defining Unicode char U+04E7 (decimal 1255)
   defining Unicode char U+04E8 (decimal 1256)
   defining Unicode char U+04E9 (decimal 1257)
   defining Unicode char U+04EC (decimal 1260)
   defining Unicode char U+04ED (decimal 1261)
   defining Unicode char U+04EE (decimal 1262)
   defining Unicode char U+04EF (decimal 1263)
   defining Unicode char U+04F0 (decimal 1264)
   defining Unicode char U+04F1 (decimal 1265)
   defining Unicode char U+04F2 (decimal 1266)
   defining Unicode char U+04F3 (decimal 1267)
   defining Unicode char U+04F4 (decimal 1268)
   defining Unicode char U+04F5 (decimal 1269)
   defining Unicode char U+04F8 (decimal 1272)
   defining Unicode char U+04F9 (decimal 1273)
   defining Unicode char U+200C (decimal 8204)
   defining Unicode char U+2013 (decimal 8211)
   defining Unicode char U+2014 (decimal 8212)
   defining Unicode char U+2018 (decimal 8216)
   defining Unicode char U+2019 (decimal 8217)
   defining Unicode char U+201C (decimal 8220)
   defining Unicode char U+201D (decimal 8221)
   defining Unicode char U+201E (decimal 8222)
   defining Unicode char U+2030 (decimal 8240)
   defining Unicode char U+2031 (decimal 8241)
   defining Unicode char U+2116 (decimal 8470)
   defining Unicode char U+2329 (decimal 9001)
   defining Unicode char U+232A (decimal 9002)
   defining Unicode char U+2423 (decimal 9251)
   defining Unicode char U+27E8 (decimal 10216)
   defining Unicode char U+27E9 (decimal 10217)
   defining Unicode char U+FB00 (decimal 64256)
   defining Unicode char U+FB01 (decimal 64257)
   defining Unicode char U+FB02 (decimal 64258)
   defining Unicode char U+FB03 (decimal 64259)
   defining Unicode char U+FB04 (decimal 64260)
   defining Unicode char U+FB05 (decimal 64261)
   defining Unicode char U+FB06 (decimal 64262)
))
LaTeX Font Info:    Trying to load font information for T2A+cmr on input line 112.
 (c:/texlive/2020/texmf-dist/tex/latex/cyrillic/t2acmr.fd
File: t2acmr.fd 2001/08/11 v1.0a Computer Modern Cyrillic font definitions
)) (c:/texlive/2020/texmf-dist/tex/generic/babel/babel.sty
Package: babel 2021/03/03 3.55 The Babel package
 (c:/texlive/2020/texmf-dist/tex/generic/babel/babel.def
File: babel.def 2021/03/03 3.55 Babel common definitions
\babel@savecnt=\count187
\U@D=\dimen139
\l@babelnohyphens=\language86
 (c:/texlive/2020/texmf-dist/tex/generic/babel/txtbabel.def)
\bbl@readstream=\read2
)
\bbl@dirlevel=\count188
 (c:/texlive/2020/texmf-dist/tex/generic/babel-bulgarian/bulgarian.ldf
Language: bulgarian 2013/10/14 v1.2g Bulgarian support from the babel system
Package babel Info: Using `T2A' as a default Cyrillic encoding on input line 89.
Package bulgarian.ldf Info: Executing the post 3.9 branch for captions on input line 197.
Package bulgarian.ldf Info: Executing the post 3.9 branch for dates on input line 302.
Package babel Info: Making " an active character on input line 344.
) (c:/texlive/2020/texmf-dist/tex/generic/babel-english/english.ldf
Language: english 2017/06/06 v3.3r English support from the babel system
Package babel Info: \l@canadian = using hyphenrules for english
(babel)             (\language0) on input line 102.
Package babel Info: \l@australian = using hyphenrules for ukenglish
(babel)             (\language21) on input line 105.
Package babel Info: \l@newzealand = using hyphenrules for ukenglish
(babel)             (\language21) on input line 108.
)) (c:/texlive/2020/texmf-dist/tex/latex/amsmath/amsmath.sty
Package: amsmath 2020/09/23 v2.17i AMS math features
\@mathmargin=\skip49

For additional information on amsmath, use the `?' option.
(c:/texlive/2020/texmf-dist/tex/latex/amsmath/amstext.sty
Package: amstext 2000/06/29 v2.01 AMS text
 (c:/texlive/2020/texmf-dist/tex/latex/amsmath/amsgen.sty
File: amsgen.sty 1999/11/30 v2.0 generic functions
\@emptytoks=\toks17
\ex@=\dimen140
)) (c:/texlive/2020/texmf-dist/tex/latex/amsmath/amsbsy.sty
Package: amsbsy 1999/11/29 v1.2d Bold Symbols
\pmbraise@=\dimen141
) (c:/texlive/2020/texmf-dist/tex/latex/amsmath/amsopn.sty
Package: amsopn 2016/03/08 v2.02 operator names
)
\inf@bad=\count189
LaTeX Info: Redefining \frac on input line 234.
\uproot@=\count190
\leftroot@=\count191
LaTeX Info: Redefining \overline on input line 399.
\classnum@=\count192
\DOTSCASE@=\count193
LaTeX Info: Redefining \ldots on input line 496.
LaTeX Info: Redefining \dots on input line 499.
LaTeX Info: Redefining \cdots on input line 620.
\Mathstrutbox@=\box47
\strutbox@=\box48
\big@size=\dimen142
LaTeX Font Info:    Redeclaring font encoding OML on input line 743.
LaTeX Font Info:    Redeclaring font encoding OMS on input line 744.
\macc@depth=\count194
\c@MaxMatrixCols=\count195
\dotsspace@=\muskip16
\c@parentequation=\count196
\dspbrk@lvl=\count197
\tag@help=\toks18
\row@=\count198
\column@=\count199
\maxfields@=\count266
\andhelp@=\toks19
\eqnshift@=\dimen143
\alignsep@=\dimen144
\tagshift@=\dimen145
\tagwidth@=\dimen146
\totwidth@=\dimen147
\lineht@=\dimen148
\@envbody=\toks20
\multlinegap=\skip50
\multlinetaggap=\skip51
\mathdisplay@stack=\toks21
LaTeX Info: Redefining \[ on input line 2923.
LaTeX Info: Redefining \] on input line 2924.
) (c:/texlive/2020/texmf-dist/tex/latex/amsfonts/amssymb.sty
Package: amssymb 2013/01/14 v3.01 AMS font symbols
 (c:/texlive/2020/texmf-dist/tex/latex/amsfonts/amsfonts.sty
Package: amsfonts 2013/01/14 v3.01 Basic AMSFonts support
\symAMSa=\mathgroup4
\symAMSb=\mathgroup5
LaTeX Font Info:    Redeclaring math symbol \hbar on input line 98.
LaTeX Font Info:    Overwriting math alphabet `\mathfrak' in version `bold'
(Font)                  U/euf/m/n --> U/euf/b/n on input line 106.
)) (c:/texlive/2020/texmf-dist/tex/latex/listings/listings.sty (c:/texlive/2020/texmf-dist/tex/latex/graphics/keyval.sty
Package: keyval 2014/10/28 v1.15 key=value parser (DPC)
\KV@toks@=\toks22
)
\lst@mode=\count267
\lst@gtempboxa=\box49
\lst@token=\toks23
\lst@length=\count268
\lst@currlwidth=\dimen149
\lst@column=\count269
\lst@pos=\count270
\lst@lostspace=\dimen150
\lst@width=\dimen151
\lst@newlines=\count271
\lst@lineno=\count272
\lst@maxwidth=\dimen152
 (c:/texlive/2020/texmf-dist/tex/latex/listings/lstmisc.sty
File: lstmisc.sty 2020/03/24 1.8d (Carsten Heinz)
\c@lstnumber=\count273
\lst@skipnumbers=\count274
\lst@framebox=\box50
) (c:/texlive/2020/texmf-dist/tex/latex/listings/listings.cfg
File: listings.cfg 2020/03/24 1.8d listings configuration
))
Package: listings 2020/03/24 1.8d (Carsten Heinz)
 (c:/texlive/2020/texmf-dist/tex/latex/xcolor/xcolor.sty
Package: xcolor 2016/05/11 v2.12 LaTeX color extensions (UK)
 (c:/texlive/2020/texmf-dist/tex/latex/graphics-cfg/color.cfg
File: color.cfg 2016/01/02 v1.6 sample color configuration
)
Package xcolor Info: Driver file: pdftex.def on input line 225.
 (c:/texlive/2020/texmf-dist/tex/latex/graphics-def/pdftex.def
File: pdftex.def 2020/10/05 v1.2a Graphics/color driver for pdftex
)
Package xcolor Info: Model `cmy' substituted by `cmy0' on input line 1348.
Package xcolor Info: Model `hsb' substituted by `rgb' on input line 1352.
Package xcolor Info: Model `RGB' extended on input line 1364.
Package xcolor Info: Model `HTML' substituted by `rgb' on input line 1366.
Package xcolor Info: Model `Hsb' substituted by `hsb' on input line 1367.
Package xcolor Info: Model `tHsb' substituted by `hsb' on input line 1368.
Package xcolor Info: Model `HSB' substituted by `hsb' on input line 1369.
Package xcolor Info: Model `Gray' substituted by `gray' on input line 1370.
Package xcolor Info: Model `wave' substituted by `hsb' on input line 1371.
) (c:/texlive/2020/texmf-dist/tex/latex/url/url.sty
\Urlmuskip=\muskip17
Package: url 2013/09/16  ver 3.4  Verb mode for urls, etc.
) (c:/texlive/2020/texmf-dist/tex/latex/pdfcomment/pdfcomment.sty
Package: pdfcomment 2018/11/01 pdfcomment.sty v2.4a - Josef Kleber (C) 2008-2012, 2015-2016, 2018
 (c:/texlive/2020/texmf-dist/tex/latex/xkeyval/xkeyval.sty
Package: xkeyval 2020/11/20 v2.8 package option processing (HA)
 (c:/texlive/2020/texmf-dist/tex/generic/xkeyval/xkeyval.tex (c:/texlive/2020/texmf-dist/tex/generic/xkeyval/xkvutils.tex
\XKV@toks=\toks24
\XKV@tempa@toks=\toks25
)
\XKV@depth=\count275
File: xkeyval.tex 2014/12/03 v2.7a key=value parser (HA)
))
\c@pc@count@i=\count276
\c@pc@count@ii=\count277
\c@pc@count@iii=\count278
\c@pc@count@iv=\count279
\pc@mathannot@box=\box51
\pc@nullbox=\box52
\pc@dima=\skip52
\pc@dimb=\skip53
\pc@Sposx=\skip54
\pc@Sposy=\skip55
\pc@Eposx=\skip56
\pc@Eposy=\skip57
\pc@column=\skip58
\pc@box@width=\skip59
\pc@box@height=\skip60
\pc@box@depth=\skip61
 (c:/texlive/2020/texmf-dist/tex/latex/etoolbox/etoolbox.sty
Package: etoolbox 2020/10/05 v2.5k e-TeX tools for LaTeX (JAW)
\etb@tempcnta=\count280
) (c:/texlive/2020/texmf-dist/tex/latex/datetime2/datetime2.sty
Package: datetime2 2021/03/21 v1.5.7 (NLCT) date and time formats
 (c:/texlive/2020/texmf-dist/tex/latex/tracklang/tracklang.sty
Package: tracklang 2020/06/30 v1.5 (NLCT) Track Languages
 (c:/texlive/2020/texmf-dist/tex/generic/tracklang/tracklang.tex)) (c:/texlive/2020/texmf-dist/tex/latex/datetime2-english/datetime2-english.ldf
File: datetime2-english.ldf 2019/10/21 v1.05 (NLCT)
 (c:/texlive/2020/texmf-dist/tex/latex/datetime2-english/datetime2-english-base.ldf
File: datetime2-english-base.ldf 2019/10/21 v1.05 (NLCT)
)) (c:/texlive/2020/texmf-dist/tex/latex/datetime2-bulgarian/datetime2-bulgarian.ldf
File: datetime2-bulgarian.ldf 2018/03/19 v1.1
 (c:/texlive/2020/texmf-dist/tex/generic/iftex/ifxetex.sty
Package: ifxetex 2019/10/25 v0.7 ifxetex legacy package. Use iftex instead.
 (c:/texlive/2020/texmf-dist/tex/generic/iftex/iftex.sty
Package: iftex 2020/03/06 v1.0d TeX engine tests
)) (c:/texlive/2020/texmf-dist/tex/generic/iftex/ifluatex.sty
Package: ifluatex 2019/10/25 v1.5 ifluatex legacy package. Use iftex instead.
) (c:/texlive/2020/texmf-dist/tex/latex/datetime2-bulgarian/datetime2-bulgarian-ascii.ldf
File: datetime2-bulgarian-ascii.ldf 2018/03/19 v1.1
))) (c:/texlive/2020/texmf-dist/tex/latex/zref/zref-savepos.sty
Package: zref-savepos 2020-07-03 v2.32 Module savepos for zref (HO)
 (c:/texlive/2020/texmf-dist/tex/latex/zref/zref-base.sty
Package: zref-base 2020-07-03 v2.32 Module base for zref (HO)
 (c:/texlive/2020/texmf-dist/tex/generic/ltxcmds/ltxcmds.sty
Package: ltxcmds 2020-05-10 v1.25 LaTeX kernel commands for general use (HO)
) (c:/texlive/2020/texmf-dist/tex/generic/infwarerr/infwarerr.sty
Package: infwarerr 2019/12/03 v1.5 Providing info/warning/error messages (HO)
) (c:/texlive/2020/texmf-dist/tex/generic/kvsetkeys/kvsetkeys.sty
Package: kvsetkeys 2019/12/15 v1.18 Key value parser (HO)
) (c:/texlive/2020/texmf-dist/tex/generic/kvdefinekeys/kvdefinekeys.sty
Package: kvdefinekeys 2019-12-19 v1.6 Define keys (HO)
) (c:/texlive/2020/texmf-dist/tex/generic/pdftexcmds/pdftexcmds.sty
Package: pdftexcmds 2020-06-27 v0.33 Utility functions of pdfTeX for LuaTeX (HO)
Package pdftexcmds Info: \pdf@primitive is available.
Package pdftexcmds Info: \pdf@ifprimitive is available.
Package pdftexcmds Info: \pdfdraftmode found.
) (c:/texlive/2020/texmf-dist/tex/generic/etexcmds/etexcmds.sty
Package: etexcmds 2019/12/15 v1.7 Avoid name clashes with e-TeX commands (HO)
) (c:/texlive/2020/texmf-dist/tex/latex/auxhook/auxhook.sty
Package: auxhook 2019-12-17 v1.6 Hooks for auxiliary files (HO)
)
Package zref Info: New property list: main on input line 764.
Package zref Info: New property: default on input line 765.
Package zref Info: New property: page on input line 766.
)
Package zref Info: New property list: savepos on input line 80.
Package zref Info: New property: posx on input line 82.
Package zref Info: New property: posy on input line 83.
)
\c@zref@unique=\count281
 (c:/texlive/2020/texmf-dist/tex/latex/refcount/refcount.sty
Package: refcount 2019/12/15 v3.6 Data extraction from label references (HO)
) (c:/texlive/2020/texmf-dist/tex/latex/base/ifthen.sty
Package: ifthen 2014/09/29 v1.1c Standard LaTeX ifthen package (DPC)
) (c:/texlive/2020/texmf-dist/tex/latex/tools/calc.sty
Package: calc 2017/05/25 v4.3 Infix arithmetic (KKT,FJ)
\calc@Acount=\count282
\calc@Bcount=\count283
\calc@Adimen=\dimen153
\calc@Bdimen=\dimen154
\calc@Askip=\skip62
\calc@Bskip=\skip63
LaTeX Info: Redefining \setlength on input line 80.
LaTeX Info: Redefining \addtolength on input line 81.
\calc@Ccount=\count284
\calc@Cskip=\skip64
) (c:/texlive/2020/texmf-dist/tex/latex/marginnote/marginnote.sty
Package: marginnote 2018/08/09 v1.4b non floating margin notes for LaTeX
\c@mn@abspage=\count285
) (c:/texlive/2020/texmf-dist/tex/generic/iftex/ifpdf.sty
Package: ifpdf 2019/10/25 v3.4 ifpdf legacy package. Use iftex instead.
) (c:/texlive/2020/texmf-dist/tex/latex/soulpos/soulpos.sty
Package: soulpos 2012/02/25 v1.1 Fancy underlining
\ulp@subcnt=\count286
\ulp@cnt=\count287
\ulp@out=\write3
\ulp@in=\read3
\ulwidth=\dimen155
) (c:/texlive/2020/texmf-dist/tex/latex/hyperref/hyperref.sty
Package: hyperref 2021-02-27 v7.00k Hypertext links for LaTeX
 (c:/texlive/2020/texmf-dist/tex/generic/pdfescape/pdfescape.sty
Package: pdfescape 2019/12/09 v1.15 Implements pdfTeX's escape features (HO)
) (c:/texlive/2020/texmf-dist/tex/latex/hycolor/hycolor.sty
Package: hycolor 2020-01-27 v1.10 Color options for hyperref/bookmark (HO)
) (c:/texlive/2020/texmf-dist/tex/latex/letltxmacro/letltxmacro.sty
Package: letltxmacro 2019/12/03 v1.6 Let assignment for LaTeX macros (HO)
) (c:/texlive/2020/texmf-dist/tex/latex/kvoptions/kvoptions.sty
Package: kvoptions 2020-10-07 v3.14 Key value format for package options (HO)
)
\@linkdim=\dimen156
\Hy@linkcounter=\count288
\Hy@pagecounter=\count289
 (c:/texlive/2020/texmf-dist/tex/latex/hyperref/pd1enc.def
File: pd1enc.def 2021-02-27 v7.00k Hyperref: PDFDocEncoding definition (HO)
Now handling font encoding PD1 ...
... no UTF-8 mapping file for font encoding PD1
) (c:/texlive/2020/texmf-dist/tex/latex/hyperref/hyperref-langpatches.def
File: hyperref-langpatches.def 2021-02-27 v7.00k Hyperref: patches for babel languages
) (c:/texlive/2020/texmf-dist/tex/generic/intcalc/intcalc.sty
Package: intcalc 2019/12/15 v1.3 Expandable calculations with integers (HO)
)
\Hy@SavedSpaceFactor=\count290
 (c:/texlive/2020/texmf-dist/tex/latex/hyperref/puenc.def
File: puenc.def 2021-02-27 v7.00k Hyperref: PDF Unicode definition (HO)
Now handling font encoding PU ...
... no UTF-8 mapping file for font encoding PU
)
Package hyperref Info: Option `unicode' set `true' on input line 4073.
 (c:/texlive/2020/texmf-dist/tex/generic/stringenc/stringenc.sty
Package: stringenc 2019/11/29 v1.12 Convert strings between diff. encodings (HO)
)
Package hyperref Info: Hyper figures OFF on input line 4192.
Package hyperref Info: Link nesting OFF on input line 4197.
Package hyperref Info: Hyper index ON on input line 4200.
Package hyperref Info: Plain pages OFF on input line 4207.
Package hyperref Info: Backreferencing OFF on input line 4212.
Package hyperref Info: Implicit mode ON; LaTeX internals redefined.
Package hyperref Info: Bookmarks ON on input line 4445.
\c@Hy@tempcnt=\count291
LaTeX Info: Redefining \url on input line 4804.
\XeTeXLinkMargin=\dimen157
 (c:/texlive/2020/texmf-dist/tex/generic/bitset/bitset.sty
Package: bitset 2019/12/09 v1.3 Handle bit-vector datatype (HO)
 (c:/texlive/2020/texmf-dist/tex/generic/bigintcalc/bigintcalc.sty
Package: bigintcalc 2019/12/15 v1.5 Expandable calculations on big integers (HO)
))
\Fld@menulength=\count292
\Field@Width=\dimen158
\Fld@charsize=\dimen159
Package hyperref Info: Hyper figures OFF on input line 6075.
Package hyperref Info: Link nesting OFF on input line 6080.
Package hyperref Info: Hyper index ON on input line 6083.
Package hyperref Info: backreferencing OFF on input line 6090.
Package hyperref Info: Link coloring OFF on input line 6095.
Package hyperref Info: Link coloring with OCG OFF on input line 6100.
Package hyperref Info: PDF/A mode OFF on input line 6105.
LaTeX Info: Redefining \ref on input line 6145.
LaTeX Info: Redefining \pageref on input line 6149.
 (c:/texlive/2020/texmf-dist/tex/latex/base/atbegshi-ltx.sty
Package: atbegshi-ltx 2020/08/17 v1.0a Emulation of the original atbegshi package
with kernel methods
)
\Hy@abspage=\count293
\c@Item=\count294
\c@Hfootnote=\count295
)
Package hyperref Info: Driver: hpdftex.
 (c:/texlive/2020/texmf-dist/tex/latex/hyperref/hpdftex.def
File: hpdftex.def 2021-02-27 v7.00k Hyperref driver for pdfTeX
 (c:/texlive/2020/texmf-dist/tex/latex/base/atveryend-ltx.sty
Package: atveryend-ltx 2020/08/19 v1.0a Emulation of the original atvery package
with kernel methods
)
\Fld@listcount=\count296
\c@bookmark@seq@number=\count297
 (c:/texlive/2020/texmf-dist/tex/latex/rerunfilecheck/rerunfilecheck.sty
Package: rerunfilecheck 2019/12/05 v1.9 Rerun checks for auxiliary files (HO)
 (c:/texlive/2020/texmf-dist/tex/generic/uniquecounter/uniquecounter.sty
Package: uniquecounter 2019/12/15 v1.4 Provide unlimited unique counter (HO)
)
Package uniquecounter Info: New unique counter `rerunfilecheck' on input line 286.
)
\Hy@SectionHShift=\skip65
)
Package zref Info: New property list: pdfcomment on input line 2735.
Package zref Info: New property: PCPDFOBJID on input line 2736.
) (c:/texlive/2020/texmf-dist/tex/latex/l3backend/l3backend-pdftex.def
File: l3backend-pdftex.def 2021-03-18 L3 backend support: PDF output (pdfTeX)
\l__color_backend_stack_int=\count298
\l__pdf_internal_box=\box53
) (./Dissertation.aux)
\openout1 = `Dissertation.aux'.

LaTeX Font Info:    Checking defaults for OML/cmm/m/it on input line 59.
LaTeX Font Info:    ... okay on input line 59.
LaTeX Font Info:    Checking defaults for OMS/cmsy/m/n on input line 59.
LaTeX Font Info:    ... okay on input line 59.
LaTeX Font Info:    Checking defaults for OT1/cmr/m/n on input line 59.
LaTeX Font Info:    ... okay on input line 59.
LaTeX Font Info:    Checking defaults for T1/cmr/m/n on input line 59.
LaTeX Font Info:    ... okay on input line 59.
LaTeX Font Info:    Checking defaults for TS1/cmr/m/n on input line 59.
LaTeX Font Info:    ... okay on input line 59.
LaTeX Font Info:    Checking defaults for OMX/cmex/m/n on input line 59.
LaTeX Font Info:    ... okay on input line 59.
LaTeX Font Info:    Checking defaults for U/cmr/m/n on input line 59.
LaTeX Font Info:    ... okay on input line 59.
LaTeX Font Info:    Checking defaults for T2A/cmr/m/n on input line 59.
LaTeX Font Info:    ... okay on input line 59.
LaTeX Font Info:    Checking defaults for PD1/pdf/m/n on input line 59.
LaTeX Font Info:    ... okay on input line 59.
LaTeX Font Info:    Checking defaults for PU/pdf/m/n on input line 59.
LaTeX Font Info:    ... okay on input line 59.
\c@lstlisting=\count299
 (c:/texlive/2020/texmf-dist/tex/context/base/mkii/supp-pdf.mkii
[Loading MPS to PDF converter (version 2006.09.02).]
\scratchcounter=\count300
\scratchdimen=\dimen160
\scratchbox=\box54
\nofMPsegments=\count301
\nofMParguments=\count302
\everyMPshowfont=\toks26
\MPscratchCnt=\count303
\MPscratchDim=\dimen161
\MPnumerator=\count304
\makeMPintoPDFobject=\count305
\everyMPtoPDFconversion=\toks27
)
Package soulpos Info: Loading soulutf8 on input line 59.
 (c:/texlive/2020/texmf-dist/tex/generic/soulutf8/soulutf8.sty
Package: soulutf8 2019/12/15 v1.2 Permit use of UTF-8 characters in soul (HO)
 (c:/texlive/2020/texmf-dist/tex/generic/soul/soul.sty
Package: soul 2003/11/17 v2.4 letterspacing/underlining (mf)
\SOUL@word=\toks28
\SOUL@lasttoken=\toks29
\SOUL@cmds=\toks30
\SOUL@buffer=\toks31
\SOUL@token=\toks32
\SOUL@spaceskip=\skip66
\SOUL@ttwidth=\dimen162
\SOUL@uldp=\dimen163
\SOUL@ulht=\dimen164
))
Package hyperref Info: Link coloring OFF on input line 59.
 (c:/texlive/2020/texmf-dist/tex/latex/hyperref/nameref.sty
Package: nameref 2021-04-02 v2.47 Cross-referencing by name of section
 (c:/texlive/2020/texmf-dist/tex/generic/gettitlestring/gettitlestring.sty
Package: gettitlestring 2019/12/15 v1.6 Cleanup title references (HO)
)
\c@section@level=\count306
)
LaTeX Info: Redefining \ref on input line 59.
LaTeX Info: Redefining \pageref on input line 59.
LaTeX Info: Redefining \nameref on input line 59.
 (./Dissertation.out) (./Dissertation.out)
\@outlinefile=\write4
\openout4 = `Dissertation.out'.

LaTeX Font Info:    Trying to load font information for U+msa on input line 61.
 (c:/texlive/2020/texmf-dist/tex/latex/amsfonts/umsa.fd
File: umsa.fd 2013/01/14 v3.01 AMS symbols A
)
LaTeX Font Info:    Trying to load font information for U+msb on input line 61.
 (c:/texlive/2020/texmf-dist/tex/latex/amsfonts/umsb.fd
File: umsb.fd 2013/01/14 v3.01 AMS symbols B
) (c:/texlive/2020/texmf-dist/tex/generic/stringenc/se-pdfdoc.def
File: se-pdfdoc.def 2019/11/29 v1.12 stringenc: PDFDocEncoding
) [1

\openout3 = `Dissertation.upa'.

{c:/texlive/2020/texmf-var/fonts/map/pdftex/updmap/pdftex.map}]
Underfull \hbox (badness 10000) in paragraph at lines 63--90

 []


Overfull \hbox (7.86888pt too wide) in paragraph at lines 63--90
\T2A/cmr/m/n/12 нарастващи изисквания към пенсионните системи, надеждните и прецизни
 []


Overfull \hbox (9.07622pt too wide) in paragraph at lines 63--90
\T2A/cmr/m/n/12 компании при разработване на застрахователни и инвестиционни продукти
 []


Underfull \hbox (badness 10000) in paragraph at lines 63--90

 []


Overfull \hbox (4.27934pt too wide) in paragraph at lines 63--90
\T2A/cmr/m/n/12 пенсионното осигуряване, животозастраховането здравното застраховане,
 []


Underfull \hbox (badness 10000) in paragraph at lines 63--90

 []


Overfull \hbox (18.36095pt too wide) in paragraph at lines 63--90
\T2A/cmr/m/n/12 предизвикателства. Демографските промени, и по-специално увеличаването
 []


Overfull \hbox (11.19728pt too wide) in paragraph at lines 63--90
\T2A/cmr/m/n/12 на средната продължителност на живота и намаляването на раждаемостта,
 []


Overfull \hbox (2.06065pt too wide) in paragraph at lines 63--90
\T2A/cmr/m/n/12 водят до нарастващо съотношение между пенсионери и активно работещо
 []


Overfull \hbox (5.60643pt too wide) in paragraph at lines 63--90
\T2A/cmr/m/n/12 население [[]]. Това поставя под натиск публичните пенсионни
 []


Overfull \hbox (13.64455pt too wide) in paragraph at lines 63--90
\T2A/cmr/m/n/12 пазари и инфлационните процеси влияят върху доходността на пенсионните
 []


Overfull \hbox (28.39365pt too wide) in paragraph at lines 63--90
\T2A/cmr/m/n/12 активи и изискват по-гъвкави подходи при управлението на риска [[]]. 
 []


Underfull \hbox (badness 10000) in paragraph at lines 63--90

 []


Overfull \hbox (6.13943pt too wide) in paragraph at lines 63--90
\T2A/cmr/m/n/12 нови възможности за прилагане на актюерската математика в практиката.
 []


Overfull \hbox (20.43175pt too wide) in paragraph at lines 63--90
\T2A/cmr/m/n/12 изчисления има двойна значимост: от една страна, улеснява изследователите
 []


Underfull \hbox (badness 10000) in paragraph at lines 63--90

 []


Overfull \hbox (31.10004pt too wide) in paragraph at lines 63--90
\T2A/cmr/m/n/12 Въпреки наличието на различни софтуерни решения за актюерски изчисления,
 []


Overfull \hbox (12.43724pt too wide) in paragraph at lines 63--90
\T2A/cmr/m/n/12 много от тях са или твърде специализирани, или не предлагат необходимата
 []


Underfull \hbox (badness 10000) in paragraph at lines 63--90

 []


Overfull \hbox (11.19511pt too wide) in paragraph at lines 63--90
\T2A/cmr/m/n/12 Python би могло да включва функции за изчисляване на настояща стойност
 []


Overfull \hbox (57.69214pt too wide) in paragraph at lines 63--90
\T2A/cmr/m/n/12 би позволила по-добро представяне и интерпретация на резултатите [[],
 []


Underfull \hbox (badness 10000) in paragraph at lines 63--90

 []


Overfull \hbox (43.66292pt too wide) in paragraph at lines 63--90
\T2A/cmr/m/n/12 актюерски изчисления в Python представлява важна стъпка към модернизацията
 []


Overfull \hbox (12.06737pt too wide) in paragraph at lines 63--90
\T2A/cmr/m/n/12 и усъвършенстването на актюерската практика. Тя би могла да подпомогне
 []


Underfull \hbox (badness 10000) in paragraph at lines 63--90

 []

[2]
Overfull \hbox (51.00533pt too wide) in paragraph at lines 91--92
[]\T2A/cmr/m/n/12 Първи стълб: Държавно задължително пенсионно осигуряване (солидарност
 []


Overfull \hbox (7.11436pt too wide) in paragraph at lines 91--92
\T2A/cmr/m/n/12 между поколенията). Това е държавната пенсия, която се финансира
 []


Overfull \hbox (9.1375pt too wide) in paragraph at lines 91--92
\T2A/cmr/m/n/12 от текущите осигурителни вноски на работещите. Тя е задължителна
 []


Overfull \hbox (5.87436pt too wide) in paragraph at lines 92--93
\T2A/cmr/m/n/12 самия осигурено лице пенсионни фондове. Той също е задължителен
 []


Overfull \hbox (42.1909pt too wide) in paragraph at lines 93--94
\T2A/cmr/m/n/12 (ДДПО). Това е напълно доброволно допълнително пенсионно осигуряване,
 []


Overfull \hbox (2.55695pt too wide) in paragraph at lines 93--94
\T2A/cmr/m/n/12 при което хората сами решават да спестяват допълнително за своята
 []


Underfull \hbox (badness 10000) in paragraph at lines 95--99

 []

[3]
Overfull \hbox (21.96385pt too wide) in paragraph at lines 101--102
[]\T2A/cmr/m/n/12 Закон за допълнително задължително пенсионно осигуряване (ЗДЗПО) 
 []


Overfull \hbox (9.7221pt too wide) in paragraph at lines 103--104
[]\T2A/cmr/m/n/12 Наредба ќ Н-8 от 2004 г. за определяне на методиката за изчисляване
 []


Overfull \hbox (13.57513pt too wide) in paragraph at lines 106--110
\T2A/cmr/m/n/12 Като изчисленията трябва да отговарят на изискванията, заложени наредба
 []


Underfull \hbox (badness 10000) in paragraph at lines 106--110

 []


Overfull \hbox (28.65068pt too wide) in paragraph at lines 106--110
\T2A/cmr/m/n/12 Целта на настоящата дисертация е именно изгражданетона такава библиотека,
 []


Overfull \hbox (30.66287pt too wide) in paragraph at lines 106--110
\T2A/cmr/m/n/12 предимствата на съвременните програмни среди. Чрез нея се цели създаването
 []

[4]
Overfull \hbox (20.37943pt too wide) in paragraph at lines 113--114
\T2A/cmr/m/n/12 преди да достигне възраст $\OML/cmm/m/it/12 x \OT1/cmr/m/n/12 + 1$\T2A/cmr/m/n/12 . Тази вероятност се взима от статистическата
 []


Overfull \hbox (19.35071pt too wide) in paragraph at lines 113--114
\T2A/cmr/m/n/12 статистика на държавната осигурителна институция в случая Националният
 []


Overfull \hbox (7.70058pt too wide) in paragraph at lines 122--124
\T2A/cmr/m/n/12 където $\OML/cmm/m/it/12 i$ \T2A/cmr/m/n/12 е годишният лихвен процент зададен от пенсионноосигурителната
 []


Overfull \hbox (33.27745pt too wide) in paragraph at lines 125--126
\T2A/cmr/m/n/12 дисконтиране на този поток към настоящия момент. Формулата за изчисляване
 []

[5]
Overfull \hbox (15.77115pt too wide) in paragraph at lines 128--129
\T2A/cmr/m/n/12 Кумулативната настояща стойност ($\OML/cmm/m/it/12 N[]$\T2A/cmr/m/n/12 ) представлява сумата от настоящите
 []


Overfull \hbox (16.92433pt too wide) in paragraph at lines 134--136
\T2A/cmr/m/n/12 където $\OML/cmm/m/it/12 N[]$ \T2A/cmr/m/n/12 е кумулативната настояща стойност на бъдещите плащания,
 []


Overfull \hbox (7.71259pt too wide) in paragraph at lines 134--136
\T2A/cmr/m/n/12 представлява фактор, който се използва за изчисляване на месечната
 []


LaTeX Warning: Command \cyrk invalid in math mode on input line 138.

Missing character: There is no к in font cmr12!

Overfull \hbox (26.64807pt too wide) in paragraph at lines 138--139
[]\T2A/cmr/bx/n/12 Пожизнена пенсия с период на гарантирано изплащане (фактор
 []


Overfull \hbox (16.92433pt too wide) in paragraph at lines 139--141
\T2A/cmr/m/n/12 където $\OML/cmm/m/it/12 N[]$ \T2A/cmr/m/n/12 е кумулативната настояща стойност на бъдещите плащания,
 []


Overfull \hbox (10.51477pt too wide) in paragraph at lines 139--141
\T2A/cmr/m/n/12 след изтичане на гарантирания период от $\OML/cmm/m/it/12 n$ \T2A/cmr/m/n/12 години, а $\OML/cmm/m/it/12 D[]$ \T2A/cmr/m/n/12 е настоящата
 []

[6]
Overfull \hbox (16.92433pt too wide) in paragraph at lines 144--146
\T2A/cmr/m/n/12 където $\OML/cmm/m/it/12 N[]$ \T2A/cmr/m/n/12 е кумулативната настояща стойност на бъдещите плащания,
 []


Overfull \hbox (10.51477pt too wide) in paragraph at lines 144--146
\T2A/cmr/m/n/12 след изтичане на гарантирания период от $\OML/cmm/m/it/12 n$ \T2A/cmr/m/n/12 години, а $\OML/cmm/m/it/12 D[]$ \T2A/cmr/m/n/12 е настоящата
 []


Overfull \hbox (10.87361pt too wide) in paragraph at lines 144--146
\T2A/cmr/m/n/12 който се използва за изчисляване на месечната сума на Допълнителна
 []


Overfull \hbox (18.9268pt too wide) in paragraph at lines 146--148
\T2A/cmr/m/n/12 вноски по време на периода на разсрочено изплащане. Те се изчисляват
 []


Overfull \hbox (1.8182pt too wide) in paragraph at lines 148--150
\T2A/cmr/m/n/12 където $\OML/cmm/m/it/12 H[]$ \T2A/cmr/m/n/12 е размера на месечното плащане повреме на разсроченият
 []


Overfull \hbox (19.20238pt too wide) in paragraph at lines 148--150
\T2A/cmr/m/n/12 петиод, а $\OML/cmm/m/it/12 b[]$ \T2A/cmr/m/n/12 е броят на месеците от началото на разсроченото изплащане
 []

[7]
Overfull \hbox (31.80742pt too wide) in paragraph at lines 157--158
[]\T2A/cmr/bx/n/12 Company \T2A/cmr/m/n/12 - представлява компания, която предлага пенсионни продукти. 
 []


Overfull \hbox (4.5425pt too wide) in paragraph at lines 158--159
[]\T2A/cmr/bx/n/12 Calculator \T2A/cmr/m/n/12 - съдържа методи за изчисляване на пенсията въз основа
 []


Overfull \hbox (24.72087pt too wide) in paragraph at lines 159--160
[]\T2A/cmr/bx/n/12 Finances \T2A/cmr/m/n/12 - съдържа методи за финансови изчисления, като изчисляване
 []


Overfull \hbox (31.54706pt too wide) in paragraph at lines 160--161
[]\T2A/cmr/bx/n/12 main \T2A/cmr/m/n/12 - основен скрипт, който демонстрира използването на библиотеката. 
 []


Overfull \hbox (20.55382pt too wide) in paragraph at lines 164--165
[]\T2A/cmr/bx/n/12 NSI_mortality_table.csv \T2A/cmr/m/n/12 - таблица на смъртността от Националната
 []


Overfull \hbox (3.69136pt too wide) in paragraph at lines 165--166
[]\T2A/cmr/bx/n/12 Saglasie_fund_actives.csv \T2A/cmr/m/n/12 - данни за активите на пенсионен фонд
 []

[8]
Overfull \hbox (18.87029pt too wide) in paragraph at lines 185--186
[]\T2A/cmr/m/n/12 База данни със стойностите на активите на компанията във различните
 []


Overfull \hbox (10.56744pt too wide) in paragraph at lines 185--186
\T2A/cmr/m/n/12 фондове, като Универсален, Доброволен и Професионален Пенсионен
 []


Overfull \hbox (8.78381pt too wide) in paragraph at lines 187--188
[]\T2A/cmr/m/n/12 Общо хора ($\OML/cmm/m/it/12 l[]$\T2A/cmr/m/n/12 ) за актюерски изчисления, константа която по принцип
 []


Overfull \hbox (15.283pt too wide) in paragraph at lines 187--188
\T2A/cmr/m/n/12 се задава като равна на 100 000 за актюерските изчисления в българия. 
 []


Overfull \hbox (41.7309pt too wide) in paragraph at lines 205--208
\T2A/cmr/m/n/12 Съдържа класове за изчисляване на актюерските константи като: $\OML/cmm/m/it/12 q[]; p[]; l[]; v[]; D[]$
 []

[9]
Overfull \hbox (12.60031pt too wide) in paragraph at lines 209--210
\T2A/cmr/m/n/12 Финансов клас, който управлява всички финансови операции и изчисления.
 []


Overfull \hbox (23.43652pt too wide) in paragraph at lines 211--212
[]\T2A/cmr/m/n/12 Извличане на информация от базата данни на компанията за стойността
 []


Overfull \hbox (2.8791pt too wide) in paragraph at lines 213--214
[]\T2A/cmr/m/n/12 Изчисляване на средното и стандартното отклонение на движенията
 []


Overfull \hbox (13.08984pt too wide) in paragraph at lines 219--220
\T2A/cmr/m/n/12 Това е основният скрипт, който демонстрира използването на библиотеката.
 []


Overfull \hbox (27.0891pt too wide) in paragraph at lines 222--223
[]\T2A/cmr/m/n/12 Извикване на методите от класовете Cal-cu-la-tor и Fi-nances за изчисляване
 []

[10] [11] [12] [13]
LaTeX Font Info:    Trying to load font information for T2A+cmtt on input line 240.
 (c:/texlive/2020/texmf-dist/tex/latex/cyrillic/t2acmtt.fd
File: t2acmtt.fd 2001/08/11 v1.0a Computer Modern Cyrillic font definitions
)
Underfull \hbox (badness 10000) in paragraph at lines 238--242
\T2A/cmtt/m/n/12 bostonfed . org / -[] / media / Documents / conference / 16 / conf16b . pdf$[]
 []


Underfull \hbox (badness 6188) in paragraph at lines 275--279
[]\T2A/cmr/m/n/12 Народно събрание на Република България. (2004).
 []


Underfull \hbox (badness 2158) in paragraph at lines 275--279
\T2A/cmr/m/n/12 Доставен от: []$\T2A/cmtt/m/n/12 https : / / www . parliament . bg / bg / laws$[]  \T2A/cmr/m/n/12 Последно
 []


Underfull \hbox (badness 2503) in paragraph at lines 287--291
[]\T2A/cmr/m/n/12 Държавна комисия по финансов надзор (ДКФН).
 []


Underfull \hbox (badness 4556) in paragraph at lines 293--297
[]\T2A/cmr/m/n/12 Национална осигурителна институция (НОИ). (2023).
 []

[14] [15] (c:/texlive/2020/texmf-dist/tex/latex/listings/lstlang1.sty
File: lstlang1.sty 2020/03/24 1.8d listings language file
) (../Code/main.py) (../Code/Company.py [16]) (../Code/Person.py [17] [18]) (../Code/Calculator.py [19]
Overfull \hbox (373.22571pt too wide) in paragraph at lines 66--67
[][][][] 
 []

[20] [21]
Overfull \hbox (373.22571pt too wide) in paragraph at lines 145--146
[][][][] 
 []

[22] [23]) (../Code/finances.py [24] [25] [26]) [27] (./Dissertation.aux * soulpos - computing points - it may take a few seconds *
\openout3 = `Dissertation.upb'.

 (./Dissertation.upa))

Package rerunfilecheck Warning: File `Dissertation.out' has changed.
(rerunfilecheck)                Rerun to get outlines right
(rerunfilecheck)                or use package `bookmark'.

Package rerunfilecheck Info: Checksums for `Dissertation.out':
(rerunfilecheck)             Before: E6D85FABB2F610F45224B417FD2D9DEE;2828
(rerunfilecheck)             After:  1FAF60CF226068DFA32B9F815E7E3008;2722.
 ) 
Here is how much of TeX's memory you used:
 18566 strings out of 479014
 297057 string characters out of 5863086
 1219105 words of memory out of 5000000
 35234 multiletter control sequences out of 15000+600000
 420914 words of font info for 71 fonts, out of 8000000 for 9000
 1141 hyphenation exceptions out of 8191
 96i,6n,108p,1024b,2090s stack positions out of 5000i,500n,10000p,200000b,80000s
pdfTeX warning (dest): name{subsubsection.5.1.1} has been referenced but does not exist, replaced by a fixed one

pdfTeX warning (dest): name{subsection.5.1} has been referenced but does not exist, replaced by a fixed one

{c:/texlive/2020/texmf-dist/fonts/enc/dvips/cm-super/cm-super-t2a.enc}{c:/texlive/2020/texmf-dist/fonts/enc/dvips/cm-super/cm-super-ts1.enc}<c:/texlive/2020/texmf-dist/fonts/type1/public/amsfonts/cm/cmex10.pfb><c:/texlive/2020/texmf-dist/fonts/type1/public/amsfonts/cm/cmmi12.pfb><c:/texlive/2020/texmf-dist/fonts/type1/public/amsfonts/cm/cmmi6.pfb><c:/texlive/2020/texmf-dist/fonts/type1/public/amsfonts/cm/cmmi8.pfb><c:/texlive/2020/texmf-dist/fonts/type1/public/amsfonts/cm/cmr12.pfb><c:/texlive/2020/texmf-dist/fonts/type1/public/amsfonts/cm/cmr6.pfb><c:/texlive/2020/texmf-dist/fonts/type1/public/amsfonts/cm/cmr8.pfb><c:/texlive/2020/texmf-dist/fonts/type1/public/amsfonts/cm/cmsy10.pfb><c:/texlive/2020/texmf-dist/fonts/type1/public/amsfonts/cm/cmsy8.pfb><c:/texlive/2020/texmf-dist/fonts/type1/public/cm-super/sfbx1200.pfb><c:/texlive/2020/texmf-dist/fonts/type1/public/cm-super/sfbx1440.pfb><c:/texlive/2020/texmf-dist/fonts/type1/public/cm-super/sfbx1728.pfb><c:/texlive/2020/texmf-dist/fonts/type1/public/cm-super/sfbx2074.pfb><c:/texlive/2020/texmf-dist/fonts/type1/public/cm-super/sfrm0600.pfb><c:/texlive/2020/texmf-dist/fonts/type1/public/cm-super/sfrm1200.pfb><c:/texlive/2020/texmf-dist/fonts/type1/public/cm-super/sfrm1440.pfb><c:/texlive/2020/texmf-dist/fonts/type1/public/cm-super/sfti1200.pfb><c:/texlive/2020/texmf-dist/fonts/type1/public/cm-super/sftt1000.pfb><c:/texlive/2020/texmf-dist/fonts/type1/public/cm-super/sftt1200.pfb>
Output written on Dissertation.pdf (27 pages, 386482 bytes).
PDF statistics:
 935 PDF objects out of 1000 (max. 8388607)
 878 compressed objects within 9 object streams
 542 named destinations out of 1000 (max. 500000)
 153 words of extra memory for PDF output out of 10000 (max. 10000000)

